Determining if the pthread_create exist failed with the following output:
Change Dir: /home/xiarui/catkin_ws/src/Navigation_using_Octomap/ORB_SLAM2_modified/Examples/ROS/ORB-SLAM2_DENSE/build/CMakeFiles/CMakeTmp

Run Build Command:/usr/bin/make "cmTryCompileExec3633255367/fast"
/usr/bin/make -f CMakeFiles/cmTryCompileExec3633255367.dir/build.make CMakeFiles/cmTryCompileExec3633255367.dir/build
make[1]: Entering directory `/home/xiarui/catkin_ws/src/Navigation_using_Octomap/ORB_SLAM2_modified/Examples/ROS/ORB-SLAM2_DENSE/build/CMakeFiles/CMakeTmp'
/usr/bin/cmake -E cmake_progress_report /home/xiarui/catkin_ws/src/Navigation_using_Octomap/ORB_SLAM2_modified/Examples/ROS/ORB-SLAM2_DENSE/build/CMakeFiles/CMakeTmp/CMakeFiles 1
Building C object CMakeFiles/cmTryCompileExec3633255367.dir/CheckSymbolExists.c.o
/usr/bin/cc    -o CMakeFiles/cmTryCompileExec3633255367.dir/CheckSymbolExists.c.o   -c /home/xiarui/catkin_ws/src/Navigation_using_Octomap/ORB_SLAM2_modified/Examples/ROS/ORB-SLAM2_DENSE/build/CMakeFiles/CMakeTmp/CheckSymbolExists.c
Linking C executable cmTryCompileExec3633255367
/usr/bin/cmake -E cmake_link_script CMakeFiles/cmTryCompileExec3633255367.dir/link.txt --verbose=1
/usr/bin/cc       CMakeFiles/cmTryCompileExec3633255367.dir/CheckSymbolExists.c.o  -o cmTryCompileExec3633255367 -rdynamic 
CMakeFiles/cmTryCompileExec3633255367.dir/CheckSymbolExists.c.o: In function `main':
CheckSymbolExists.c:(.text+0x16): undefined reference to `pthread_create'
collect2: error: ld returned 1 exit status
make[1]: *** [cmTryCompileExec3633255367] Error 1
make[1]: Leaving directory `/home/xiarui/catkin_ws/src/Navigation_using_Octomap/ORB_SLAM2_modified/Examples/ROS/ORB-SLAM2_DENSE/build/CMakeFiles/CMakeTmp'
make: *** [cmTryCompileExec3633255367/fast] Error 2

File /home/xiarui/catkin_ws/src/Navigation_using_Octomap/ORB_SLAM2_modified/Examples/ROS/ORB-SLAM2_DENSE/build/CMakeFiles/CMakeTmp/CheckSymbolExists.c:
/* */
#include <pthread.h>

int main(int argc, char** argv)
{
  (void)argv;
#ifndef pthread_create
  return ((int*)(&pthread_create))[argc];
#else
  (void)argc;
  return 0;
#endif
}

Determining if the function pthread_create exists in the pthreads failed with the following output:
Change Dir: /home/xiarui/catkin_ws/src/Navigation_using_Octomap/ORB_SLAM2_modified/Examples/ROS/ORB-SLAM2_DENSE/build/CMakeFiles/CMakeTmp

Run Build Command:/usr/bin/make "cmTryCompileExec37032871/fast"
/usr/bin/make -f CMakeFiles/cmTryCompileExec37032871.dir/build.make CMakeFiles/cmTryCompileExec37032871.dir/build
make[1]: Entering directory `/home/xiarui/catkin_ws/src/Navigation_using_Octomap/ORB_SLAM2_modified/Examples/ROS/ORB-SLAM2_DENSE/build/CMakeFiles/CMakeTmp'
/usr/bin/cmake -E cmake_progress_report /home/xiarui/catkin_ws/src/Navigation_using_Octomap/ORB_SLAM2_modified/Examples/ROS/ORB-SLAM2_DENSE/build/CMakeFiles/CMakeTmp/CMakeFiles 1
Building C object CMakeFiles/cmTryCompileExec37032871.dir/CheckFunctionExists.c.o
/usr/bin/cc   -DCHECK_FUNCTION_EXISTS=pthread_create   -o CMakeFiles/cmTryCompileExec37032871.dir/CheckFunctionExists.c.o   -c /usr/share/cmake-2.8/Modules/CheckFunctionExists.c
Linking C executable cmTryCompileExec37032871
/usr/bin/cmake -E cmake_link_script CMakeFiles/cmTryCompileExec37032871.dir/link.txt --verbose=1
/usr/bin/cc   -DCHECK_FUNCTION_EXISTS=pthread_create    CMakeFiles/cmTryCompileExec37032871.dir/CheckFunctionExists.c.o  -o cmTryCompileExec37032871 -rdynamic -lpthreads 
/usr/bin/ld: cannot find -lpthreads
collect2: error: ld returned 1 exit status
make[1]: Leaving directory `/home/xiarui/catkin_ws/src/Navigation_using_Octomap/ORB_SLAM2_modified/Examples/ROS/ORB-SLAM2_DENSE/build/CMakeFiles/CMakeTmp'
make[1]: *** [cmTryCompileExec37032871] Error 1
make: *** [cmTryCompileExec37032871/fast] Error 2


