Determining if the Q_WS_WIN exist failed with the following output:
Change Dir: /home/xiarui/catkin_ws/src/Navigation_using_Octomap/g2o_with_orbslam2/build/CMakeFiles/CMakeTmp

Run Build Command:/usr/bin/make "cmTryCompileExec807819820/fast"
/usr/bin/make -f CMakeFiles/cmTryCompileExec807819820.dir/build.make CMakeFiles/cmTryCompileExec807819820.dir/build
make[1]: Entering directory `/home/xiarui/catkin_ws/src/Navigation_using_Octomap/g2o_with_orbslam2/build/CMakeFiles/CMakeTmp'
/usr/bin/cmake -E cmake_progress_report /home/xiarui/catkin_ws/src/Navigation_using_Octomap/g2o_with_orbslam2/build/CMakeFiles/CMakeTmp/CMakeFiles 1
Building CXX object CMakeFiles/cmTryCompileExec807819820.dir/CheckSymbolExists.cxx.o
/usr/bin/c++   -DLAPACK_USE_F2C -I/usr/include/qt4    -o CMakeFiles/cmTryCompileExec807819820.dir/CheckSymbolExists.cxx.o -c /home/xiarui/catkin_ws/src/Navigation_using_Octomap/g2o_with_orbslam2/build/CMakeFiles/CMakeTmp/CheckSymbolExists.cxx
/home/xiarui/catkin_ws/src/Navigation_using_Octomap/g2o_with_orbslam2/build/CMakeFiles/CMakeTmp/CheckSymbolExists.cxx: In function ‘int main(int, char**)’:
/home/xiarui/catkin_ws/src/Navigation_using_Octomap/g2o_with_orbslam2/build/CMakeFiles/CMakeTmp/CheckSymbolExists.cxx:8:19: error: ‘Q_WS_WIN’ was not declared in this scope
   return ((int*)(&Q_WS_WIN))[argc];
                   ^
make[1]: Leaving directory `/home/xiarui/catkin_ws/src/Navigation_using_Octomap/g2o_with_orbslam2/build/CMakeFiles/CMakeTmp'
make[1]: *** [CMakeFiles/cmTryCompileExec807819820.dir/CheckSymbolExists.cxx.o] Error 1
make: *** [cmTryCompileExec807819820/fast] Error 2

File /home/xiarui/catkin_ws/src/Navigation_using_Octomap/g2o_with_orbslam2/build/CMakeFiles/CMakeTmp/CheckSymbolExists.cxx:
/* */
#include <QtCore/qglobal.h>

int main(int argc, char** argv)
{
  (void)argv;
#ifndef Q_WS_WIN
  return ((int*)(&Q_WS_WIN))[argc];
#else
  (void)argc;
  return 0;
#endif
}

Determining if the Q_WS_QWS exist failed with the following output:
Change Dir: /home/xiarui/catkin_ws/src/Navigation_using_Octomap/g2o_with_orbslam2/build/CMakeFiles/CMakeTmp

Run Build Command:/usr/bin/make "cmTryCompileExec3795618335/fast"
/usr/bin/make -f CMakeFiles/cmTryCompileExec3795618335.dir/build.make CMakeFiles/cmTryCompileExec3795618335.dir/build
make[1]: Entering directory `/home/xiarui/catkin_ws/src/Navigation_using_Octomap/g2o_with_orbslam2/build/CMakeFiles/CMakeTmp'
/usr/bin/cmake -E cmake_progress_report /home/xiarui/catkin_ws/src/Navigation_using_Octomap/g2o_with_orbslam2/build/CMakeFiles/CMakeTmp/CMakeFiles 1
Building CXX object CMakeFiles/cmTryCompileExec3795618335.dir/CheckSymbolExists.cxx.o
/usr/bin/c++   -DLAPACK_USE_F2C -I/usr/include/qt4    -o CMakeFiles/cmTryCompileExec3795618335.dir/CheckSymbolExists.cxx.o -c /home/xiarui/catkin_ws/src/Navigation_using_Octomap/g2o_with_orbslam2/build/CMakeFiles/CMakeTmp/CheckSymbolExists.cxx
/home/xiarui/catkin_ws/src/Navigation_using_Octomap/g2o_with_orbslam2/build/CMakeFiles/CMakeTmp/CheckSymbolExists.cxx: In function ‘int main(int, char**)’:
/home/xiarui/catkin_ws/src/Navigation_using_Octomap/g2o_with_orbslam2/build/CMakeFiles/CMakeTmp/CheckSymbolExists.cxx:8:19: error: ‘Q_WS_QWS’ was not declared in this scope
   return ((int*)(&Q_WS_QWS))[argc];
                   ^
make[1]: Leaving directory `/home/xiarui/catkin_ws/src/Navigation_using_Octomap/g2o_with_orbslam2/build/CMakeFiles/CMakeTmp'
make[1]: *** [CMakeFiles/cmTryCompileExec3795618335.dir/CheckSymbolExists.cxx.o] Error 1
make: *** [cmTryCompileExec3795618335/fast] Error 2

File /home/xiarui/catkin_ws/src/Navigation_using_Octomap/g2o_with_orbslam2/build/CMakeFiles/CMakeTmp/CheckSymbolExists.cxx:
/* */
#include <QtCore/qglobal.h>

int main(int argc, char** argv)
{
  (void)argv;
#ifndef Q_WS_QWS
  return ((int*)(&Q_WS_QWS))[argc];
#else
  (void)argc;
  return 0;
#endif
}

Determining if the Q_WS_MAC exist failed with the following output:
Change Dir: /home/xiarui/catkin_ws/src/Navigation_using_Octomap/g2o_with_orbslam2/build/CMakeFiles/CMakeTmp

Run Build Command:/usr/bin/make "cmTryCompileExec71121602/fast"
/usr/bin/make -f CMakeFiles/cmTryCompileExec71121602.dir/build.make CMakeFiles/cmTryCompileExec71121602.dir/build
make[1]: Entering directory `/home/xiarui/catkin_ws/src/Navigation_using_Octomap/g2o_with_orbslam2/build/CMakeFiles/CMakeTmp'
/usr/bin/cmake -E cmake_progress_report /home/xiarui/catkin_ws/src/Navigation_using_Octomap/g2o_with_orbslam2/build/CMakeFiles/CMakeTmp/CMakeFiles 1
Building CXX object CMakeFiles/cmTryCompileExec71121602.dir/CheckSymbolExists.cxx.o
/usr/bin/c++   -DLAPACK_USE_F2C -I/usr/include/qt4    -o CMakeFiles/cmTryCompileExec71121602.dir/CheckSymbolExists.cxx.o -c /home/xiarui/catkin_ws/src/Navigation_using_Octomap/g2o_with_orbslam2/build/CMakeFiles/CMakeTmp/CheckSymbolExists.cxx
/home/xiarui/catkin_ws/src/Navigation_using_Octomap/g2o_with_orbslam2/build/CMakeFiles/CMakeTmp/CheckSymbolExists.cxx: In function ‘int main(int, char**)’:
/home/xiarui/catkin_ws/src/Navigation_using_Octomap/g2o_with_orbslam2/build/CMakeFiles/CMakeTmp/CheckSymbolExists.cxx:8:19: error: ‘Q_WS_MAC’ was not declared in this scope
   return ((int*)(&Q_WS_MAC))[argc];
                   ^
make[1]: *** [CMakeFiles/cmTryCompileExec71121602.dir/CheckSymbolExists.cxx.o] Error 1
make[1]: Leaving directory `/home/xiarui/catkin_ws/src/Navigation_using_Octomap/g2o_with_orbslam2/build/CMakeFiles/CMakeTmp'
make: *** [cmTryCompileExec71121602/fast] Error 2

File /home/xiarui/catkin_ws/src/Navigation_using_Octomap/g2o_with_orbslam2/build/CMakeFiles/CMakeTmp/CheckSymbolExists.cxx:
/* */
#include <QtCore/qglobal.h>

int main(int argc, char** argv)
{
  (void)argv;
#ifndef Q_WS_MAC
  return ((int*)(&Q_WS_MAC))[argc];
#else
  (void)argc;
  return 0;
#endif
}

